

> @tarrot/web@0.1.0 build /Users/hndr/workspace/tarrot_app/apps/web
> next build

   [1m[38;2;173;127;168m▲ Next.js 15.2.4[39m[22m
   - Environments: .env.local

 [37m[1m [22m[39m Creating an optimized production build ...
<w> [webpack.cache.PackFileCacheStrategy] Serializing big strings (246kiB) impacts deserialization performance (consider using Buffer instead and decode when needed)
 ⚠ Compiled with warnings

../../node_modules/.pnpm/elevenlabs@1.56.0/node_modules/elevenlabs/core/runtime/runtime.js
A Node.js API is used (process.version at line: 80) which is not supported in the Edge Runtime.
Learn more: https://nextjs.org/docs/api-reference/edge-runtime

Import trace for requested module:
../../node_modules/.pnpm/elevenlabs@1.56.0/node_modules/elevenlabs/core/runtime/runtime.js
../../node_modules/.pnpm/elevenlabs@1.56.0/node_modules/elevenlabs/wrapper/stream.js
../../node_modules/.pnpm/elevenlabs@1.56.0/node_modules/elevenlabs/wrapper/index.js
../../node_modules/.pnpm/elevenlabs@1.56.0/node_modules/elevenlabs/index.js
../../node_modules/.pnpm/orate@2.0.5_@types+node@20.17.30_ws@8.18.1_zod@3.24.2/node_modules/orate/dist/elevenlabs.mjs
./src/app/api/narration/api.ts
./src/app/api/index.ts

../../node_modules/.pnpm/elevenlabs@1.56.0/node_modules/elevenlabs/core/runtime/runtime.js
A Node.js API is used (process.versions at line: 82) which is not supported in the Edge Runtime.
Learn more: https://nextjs.org/docs/api-reference/edge-runtime

Import trace for requested module:
../../node_modules/.pnpm/elevenlabs@1.56.0/node_modules/elevenlabs/core/runtime/runtime.js
../../node_modules/.pnpm/elevenlabs@1.56.0/node_modules/elevenlabs/wrapper/stream.js
../../node_modules/.pnpm/elevenlabs@1.56.0/node_modules/elevenlabs/wrapper/index.js
../../node_modules/.pnpm/elevenlabs@1.56.0/node_modules/elevenlabs/index.js
../../node_modules/.pnpm/orate@2.0.5_@types+node@20.17.30_ws@8.18.1_zod@3.24.2/node_modules/orate/dist/elevenlabs.mjs
./src/app/api/narration/api.ts
./src/app/api/index.ts

../../node_modules/.pnpm/elevenlabs@1.56.0/node_modules/elevenlabs/core/runtime/runtime.js
A Node.js API is used (process.versions at line: 86) which is not supported in the Edge Runtime.
Learn more: https://nextjs.org/docs/api-reference/edge-runtime

Import trace for requested module:
../../node_modules/.pnpm/elevenlabs@1.56.0/node_modules/elevenlabs/core/runtime/runtime.js
../../node_modules/.pnpm/elevenlabs@1.56.0/node_modules/elevenlabs/wrapper/stream.js
../../node_modules/.pnpm/elevenlabs@1.56.0/node_modules/elevenlabs/wrapper/index.js
../../node_modules/.pnpm/elevenlabs@1.56.0/node_modules/elevenlabs/index.js
../../node_modules/.pnpm/orate@2.0.5_@types+node@20.17.30_ws@8.18.1_zod@3.24.2/node_modules/orate/dist/elevenlabs.mjs
./src/app/api/narration/api.ts
./src/app/api/index.ts

../../node_modules/.pnpm/elevenlabs@1.56.0/node_modules/elevenlabs/core/runtime/runtime.js
A Node.js API is used (process.versions at line: 87) which is not supported in the Edge Runtime.
Learn more: https://nextjs.org/docs/api-reference/edge-runtime

Import trace for requested module:
../../node_modules/.pnpm/elevenlabs@1.56.0/node_modules/elevenlabs/core/runtime/runtime.js
../../node_modules/.pnpm/elevenlabs@1.56.0/node_modules/elevenlabs/wrapper/stream.js
../../node_modules/.pnpm/elevenlabs@1.56.0/node_modules/elevenlabs/wrapper/index.js
../../node_modules/.pnpm/elevenlabs@1.56.0/node_modules/elevenlabs/index.js
../../node_modules/.pnpm/orate@2.0.5_@types+node@20.17.30_ws@8.18.1_zod@3.24.2/node_modules/orate/dist/elevenlabs.mjs
./src/app/api/narration/api.ts
./src/app/api/index.ts

 [32m[1m✓[22m[39m Compiled successfully
[?25l [37m[1m [22m[39m Linting and checking validity of types  [36m.[39m[2K[1G [37m[1m [22m[39m Linting and checking validity of types  [36m..[39m[2K[1G [37m[1m [22m[39m Linting and checking validity of types  [36m...[39m[2K[1G [37m[1m [22m[39m Linting and checking validity of types  [36m.[39m[2K[1G [37m[1m [22m[39m Linting and checking validity of types  [36m..[39m[2K[1G [37m[1m [22m[39m Linting and checking validity of types  [36m...[39m[2K[1G [37m[1m [22m[39m Linting and checking validity of types  [36m.[39m[2K[1G [37m[1m [22m[39m Linting and checking validity of types  [36m..[39m[2K[1G [37m[1m [22m[39m Linting and checking validity of types  [36m...[39m
 ⚠ The Next.js plugin was not detected in your ESLint configuration. See https://nextjs.org/docs/app/api-reference/config/eslint#migrating-existing-config
[2K[1G [37m[1m [22m[39m Linting and checking validity of types  [36m.[39m[2K[1G [37m[1m [22m[39m Linting and checking validity of types  [36m..[39m[2K[1G[?25h[31m
Failed to compile.[39m
[?25l [36m.[39m [2K[1G[?25h
./src/app/api/tarot/api.ts
146:13  Error: 'randomVoice' is assigned a value but never used.  @typescript-eslint/no-unused-vars

info  - Need to disable some ESLint rules? Learn more here: https://nextjs.org/docs/app/api-reference/config/eslint#disabling-rules
[?25l [36m.[39m [?25h[41m[30m ELIFECYCLE [39m[49m [31mCommand failed with exit code 1.[39m
